build/app/outputs/mapping/release/seeds.txt
com.grambunny_customer.grambunny_customer.MainActivity
com.grambunny_customer.grambunny_customer.MainActivity: MainActivity()
...
com.dexterous.flutterlocalnotifications.models.NotificationDetails: java.lang.String COLOR_BLUE
com.dexterous.flutterlocalnotifications.models.NotificationDetails: java.lang.String BIG_PICTURE
com.dexterous.flutterlocalnotifications.models.NotificationDetails: java.lang.String title
io.flutter.embedding.engine.FlutterJNI: void removeEngineLifecycleListener(io.flutter.embedding.engine.FlutterEngine$EngineLifecycleListener)
com.dexterous.flutterlocalnotifications.FlutterLocalNotificationsPlugin: java.lang.String SCHEDULED_NOTIFICATIONS
io.flutter.embedding.engine.mutatorsstack.FlutterMutatorsStack: FlutterMutatorsStack()
com.dexterous.flutterlocalnotifications.models.NotificationDetails: long[] vibrationPattern
com.dexterous.flutterlocalnotifications.models.SoundSource: com.dexterous.flutterlocalnotifications.models.SoundSource valueOf(java.lang.String)
com.dexterous.flutterlocalnotifications.models.SoundSource: com.dexterous.flutterlocalnotifications.models.SoundSource Uri
org.chromium.support_lib_boundary.WebMessagePortBoundaryInterface
com.dexterous.flutterlocalnotifications.FlutterLocalNotificationsPlugin: java.lang.String DRAWABLE
com.dexterous.flutterlocalnotifications.FlutterLocalNotificationsPlugin: void showNotification(android.content.Context,com.dexterous.flutterlocalnotifications.models.NotificationDetails)
com.dexterous.flutterlocalnotifications.models.styles.MessagingStyleInformation: java.lang.String conversationTitle
io.flutter.embedding.engine.FlutterJNI: void nativePrefetchDefaultFontManager()
org.chromium.support_lib_boundary.WebkitToCompatConverterBoundaryInterface: java.lang.reflect.InvocationHandler convertWebResourceRequest(android.webkit.WebResourceRequest)
androidx.core.app.RemoteActionCompatParcelizer: void write(androidx.core.app.RemoteActionCompat,androidx.versionedparcelable.VersionedParcel)
io.flutter.embedding.engine.FlutterJNI: void nativeSurfaceWindowChanged(long,android.view.Surface)
androidx.media.AudioAttributesCompatParcelizer: AudioAttributesCompatParcelizer()
androidx.media.AudioAttributesImplBaseParcelizer
io.flutter.plugins.imagepicker.ImagePickerFileProvider: ImagePickerFileProvider()
androidx.lifecycle.Lifecycle$Event: androidx.lifecycle.Lifecycle$Event ON_STOP
androidx.lifecycle.Lifecycle$Event: androidx.lifecycle.Lifecycle$Event ON_PAUSE
org.threeten.bp.ZonedDateTime: java.lang.Object readResolve()
com.google.android.gms.common.api.Status: android.os.Parcelable$Creator CREATOR
io.flutter.embedding.engine.FlutterJNI
io.flutter.embedding.engine.FlutterJNI: android.graphics.Bitmap decodeImage(java.nio.ByteBuffer,long)
com.dexterous.flutterlocalnotifications.models.PersonDetails: java.lang.String key
com.dexterous.flutterlocalnotifications.models.NotificationChannelDetails: java.lang.Integer importance
com.dexterous.flutterlocalnotifications.models.NotificationChannelAction
com.google.common.util.concurrent.AbstractFuture: com.google.common.util.concurrent.AbstractFuture$Waiter waiters
com.dexterous.flutterlocalnotifications.models.NotificationChannelAction: NotificationChannelAction(java.lang.String,int)
androidx.lifecycle.ReportFragment$LifecycleCallbacks: void onActivityDestroyed(android.app.Activity)
com.dexterous.flutterlocalnotifications.FlutterLocalNotificationsPlugin: java.lang.String INVALID_ICON_ERROR_CODE
com.dexterous.flutterlocalnotifications.models.NotificationChannelDetails: java.lang.String PLAY_SOUND
io.flutter.embedding.engine.FlutterJNI: boolean nativeFlutterTextUtilsIsEmoji(int)
io.flutter.plugin.editing.ImeSyncDeferringInsetsCallback: int deferredInsetTypes
io.flutter.view.FlutterCallbackInformation: FlutterCallbackInformation(java.lang.String,java.lang.String,java.lang.String)
com.dexterous.flutterlocalnotifications.models.styles.BigTextStyleInformation: java.lang.String contentTitle
com.dexterous.flutterlocalnotifications.FlutterLocalNotificationsPlugin: void onDetachedFromEngine(io.flutter.embedding.engine.plugins.FlutterPlugin$FlutterPluginBinding)