build/app/outputs/mapping/release/mapping.txt
# compiler: R8
# compiler_version: 2.1.62
# min_api: 21
# pg_map_id: b4c0bb9
# common_typos_disable
...
com.google.android.datatransport.cct.internal.ClientInfo -> com.google.android.datatransport.cct.f.k:
    com.google.android.datatransport.cct.internal.ClientInfo$Builder builder() -> a
    com.google.android.datatransport.cct.internal.AndroidClientInfo getAndroidClientInfo() -> b
    com.google.android.datatransport.cct.internal.ClientInfo$ClientType getClientType() -> c
com.google.android.datatransport.cct.internal.ClientInfo$Builder -> com.google.android.datatransport.cct.f.k$a:
    com.google.android.datatransport.cct.internal.ClientInfo build() -> a
    com.google.android.datatransport.cct.internal.ClientInfo$Builder setAndroidClientInfo(com.google.android.datatransport.cct.internal.AndroidClientInfo) -> b
    com.google.android.datatransport.cct.internal.ClientInfo$Builder setClientType(com.google.android.datatransport.cct.internal.ClientInfo$ClientType) -> c
com.google.android.datatransport.cct.internal.ClientInfo$ClientType -> com.google.android.datatransport.cct.f.k$b:
    com.google.android.datatransport.cct.internal.ClientInfo$ClientType UNKNOWN -> a
    com.google.android.datatransport.cct.internal.ClientInfo$ClientType ANDROID_FIREBASE -> b
    com.google.android.datatransport.cct.internal.ClientInfo$ClientType[] $VALUES -> c
com.google.android.datatransport.cct.internal.LogEvent -> com.google.android.datatransport.cct.f.l:
    com.google.android.datatransport.cct.internal.LogEvent$Builder builder() -> a
    java.lang.Integer getEventCode() -> b
    long getEventTimeMs() -> c
    long getEventUptimeMs() -> d
    com.google.android.datatransport.cct.internal.NetworkConnectionInfo getNetworkConnectionInfo() -> e
    byte[] getSourceExtension() -> f
    java.lang.String getSourceExtensionJsonProto3() -> g
    long getTimezoneOffsetSeconds() -> h
    com.google.android.datatransport.cct.internal.LogEvent$Builder jsonBuilder(java.lang.String) -> i
    com.google.android.datatransport.cct.internal.LogEvent$Builder protoBuilder(byte[]) -> j
com.google.android.datatransport.cct.internal.LogEvent$Builder -> com.google.android.datatransport.cct.f.l$a:
    com.google.android.datatransport.cct.internal.LogEvent build() -> a
    com.google.android.datatransport.cct.internal.LogEvent$Builder setEventCode(java.lang.Integer) -> b
    com.google.android.datatransport.cct.internal.LogEvent$Builder setEventTimeMs(long) -> c
    com.google.android.datatransport.cct.internal.LogEvent$Builder setEventUptimeMs(long) -> d
    com.google.android.datatransport.cct.internal.LogEvent$Builder setNetworkConnectionInfo(com.google.android.datatransport.cct.internal.NetworkConnectionInfo) -> e
    com.google.android.datatransport.cct.internal.LogEvent$Builder setSourceExtension(byte[]) -> f
    com.google.android.datatransport.cct.internal.LogEvent$Builder setSourceExtensionJsonProto3(java.lang.String) -> g
    com.google.android.datatransport.cct.internal.LogEvent$Builder setTimezoneOffsetSeconds(long) -> h
com.google.android.datatransport.cct.internal.LogRequest -> com.google.android.datatransport.cct.f.m:
    com.google.android.datatransport.cct.internal.LogRequest$Builder builder() -> a
    com.google.android.datatransport.cct.internal.ClientInfo getClientInfo() -> b
    java.util.List getLogEvents() -> c
    java.lang.Integer getLogSource() -> d
    java.lang.String getLogSourceName() -> e
    com.google.android.datatransport.cct.internal.QosTier getQosTier() -> f
    long getRequestTimeMs() -> g
    long getRequestUptimeMs() -> h