build/app/outputs/mapping/release/usage.txt
com.grambunny_customer.grambunny_customer.R$styleable
com.grambunny_customer.grambunny_customer.R
com.grambunny_customer.grambunny_customer.BuildConfig
com.grambunny_customer.grambunny_customer.R$attr
com.grambunny_customer.grambunny_customer.R$xml
com.grambunny_customer.grambunny_customer.R$string
com.grambunny_customer.grambunny_customer.R$drawable
com.grambunny_customer.grambunny_customer.R$color
com.grambunny_customer.grambunny_customer.R$dimen
com.grambunny_customer.grambunny_customer.R$style
com.grambunny_customer.grambunny_customer.R$id
com.grambunny_customer.grambunny_customer.R$mipmap
com.grambunny_customer.grambunny_customer.R$layout
com.grambunny_customer.grambunny_customer.R$integer
...
kotlin.reflect.KMutableProperty$Setter
com.google.common.io.Closer$Suppressor
androidx.annotation.InspectableProperty$ValueType
com.google.firebase.components.OptionalProvider:
    static com.google.firebase.components.OptionalProvider of(com.google.firebase.inject.Provider)
    private static synthetic void lambda$whenAvailable$2(com.google.firebase.inject.Deferred$DeferredHandler,com.google.firebase.inject.Deferred$DeferredHandler,com.google.firebase.inject.Provider)
    public void whenAvailable(com.google.firebase.inject.Deferred$DeferredHandler)
kotlin.coroutines.intrinsics.IntrinsicsKt__IntrinsicsJvmKt$createCoroutineUnintercepted$$inlined$createCoroutineFromSuspendFunction$IntrinsicsKt__IntrinsicsJvmKt$3
com.google.common.collect.StandardTable$1
androidx.core.ktx.R$color
com.google.android.gms.common.internal.service.zaa
kotlin.properties.ReadOnlyProperty
com.baseflow.geolocator.R
kotlin.jvm.internal.ClassBasedDeclarationContainer
androidx.core.view.WindowInsetsControllerCompat$Impl30$1
com.google.common.net.MediaType$Tokenizer
com.google.common.util.concurrent.Striped$LargeLazyStriped
com.google.common.util.concurrent.CombinedFuture$CombinedFutureInterruptibleTask
com.google.android.gms.common.internal.safeparcel.SafeParcelable$Reserved
com.google.common.xml.package-info
com.google.firebase.messaging.Constants$MessageTypes
androidx.fragment.app.ListFragment
kotlin.sequences.SequencesKt___SequencesKt$runningReduceIndexed$1
com.google.gson.internal.bind.util.ISO8601Utils:
    public void <init>()
    public static java.lang.String format(java.util.Date)
    public static java.lang.String format(java.util.Date,boolean)
    public static java.lang.String format(java.util.Date,boolean,java.util.TimeZone)
    private static void padInt(java.lang.StringBuilder,int,int)
    private static final java.lang.String UTC_ID
com.tekartik.sqflite.R
com.lyokone.location.FlutterLocationService:
    public final io.flutter.plugin.common.MethodChannel$Result getResult()
    private static final java.lang.String TAG
    private static final int REQUEST_PERMISSIONS_REQUEST_CODE
    private static final int ONGOING_NOTIFICATION_ID
    private static final java.lang.String CHANNEL_ID
com.google.common.collect.DenseImmutableTable$Column
org.checkerframework.checker.nullness.compatqual.NonNullType
androidx.viewpager.R$dimen
io.flutter.app.FlutterApplication
androidx.core.content.ContextCompat$Api19Impl:
    private void <init>()
io.flutter.plugins.deviceinfo.BuildConfig
com.google.common.reflect.TypeResolver$WildcardCapturer
com.google.android.gms.maps.internal.IMapViewDelegate:
    public abstract com.google.android.gms.maps.internal.IGoogleMapDelegate getMap()
    public abstract void onPause()
    public abstract void onLowMemory()
    public abstract void onEnterAmbient(android.os.Bundle)
    public abstract void onExitAmbient()
androidx.loader.content.ModernAsyncTask
com.google.common.collect.SortedMultisetBridge
androidx.core.view.accessibility.AccessibilityManagerCompat$AccessibilityStateChangeListener
org.checkerframework.checker.nullness.compatqual.NullableDecl
androidx.core.view.WindowInsetsCompat$Impl21
com.google.common.hash.Hashing$Sha256Holder
androidx.core.content.res.GradientColorInflaterCompat$ColorStops
com.google.android.gms.common.internal.zad
androidx.fragment.R$integer
com.google.android.gms.maps.model.StreetViewSource
androidx.core.os.ExecutorCompat$HandlerExecutor
kotlin.time.TimedValue
com.google.common.cache.LocalCache$WeightedWeakValueReference
com.google.common.util.concurrent.ListenerCallQueue$Event
kotlin.jvm.internal.ClassReference$Companion